2024-11-04 08:41:46,668 INFO [main] c.s.q.QuartzApplication [StartupInfoLogger.java:50] Starting QuartzApplication using Java 17.0.11 with PID 47366 (/Users/sankore/IdeaProjects/quartz/target/classes started by sankore in /Users/sankore/IdeaProjects/quartz) 
2024-11-04 08:41:46,681 INFO [main] c.s.q.QuartzApplication [SpringApplication.java:654] No active profile set, falling back to 1 default profile: "default" 
2024-11-04 08:41:48,083 INFO [main] o.s.b.w.e.t.TomcatWebServer [TomcatWebServer.java:111] Tomcat initialized with port 8111 (http) 
2024-11-04 08:41:48,101 INFO [main] o.a.c.h.Http11NioProtocol [DirectJDKLog.java:173] Initializing ProtocolHandler ["http-nio-8111"] 
2024-11-04 08:41:48,105 INFO [main] o.a.c.c.StandardService [DirectJDKLog.java:173] Starting service [Tomcat] 
2024-11-04 08:41:48,106 INFO [main] o.a.c.c.StandardEngine [DirectJDKLog.java:173] Starting Servlet engine: [Apache Tomcat/10.1.24] 
2024-11-04 08:41:48,151 INFO [main] o.a.c.c.C.[.[.[/] [DirectJDKLog.java:173] Initializing Spring embedded WebApplicationContext 
2024-11-04 08:41:48,151 INFO [main] o.s.b.w.s.c.ServletWebServerApplicationContext [ServletWebServerApplicationContext.java:296] Root WebApplicationContext: initialization completed in 1429 ms 
2024-11-04 08:41:49,006 WARN [main] o.s.b.a.s.s.UserDetailsServiceAutoConfiguration [UserDetailsServiceAutoConfiguration.java:86] 

Using generated security password: 5a74bf6b-1d68-4d6a-aea3-428040fe508c

This generated password is for development use only. Your security configuration must be updated before running your application in production.
 
2024-11-04 08:41:49,014 INFO [main] o.s.s.c.a.a.c.InitializeUserDetailsBeanManagerConfigurer$InitializeUserDetailsManagerConfigurer [InitializeUserDetailsBeanManagerConfigurer.java:113] Global AuthenticationManager configured with UserDetailsService bean with name inMemoryUserDetailsManager 
2024-11-04 08:41:49,249 INFO [main] o.s.s.w.DefaultSecurityFilterChain [DefaultSecurityFilterChain.java:54] Will secure any request with [org.springframework.security.web.session.DisableEncodeUrlFilter@4fe03c06, org.springframework.security.web.context.request.async.WebAsyncManagerIntegrationFilter@79f14c56, org.springframework.security.web.context.SecurityContextHolderFilter@69ee825c, org.springframework.security.web.header.HeaderWriterFilter@47fe4c3e, org.springframework.web.filter.CorsFilter@19f007c4, org.springframework.security.web.csrf.CsrfFilter@54e0b29c, org.springframework.security.web.authentication.logout.LogoutFilter@6e92f150, org.springframework.security.web.authentication.UsernamePasswordAuthenticationFilter@7508912e, org.springframework.security.web.authentication.ui.DefaultLoginPageGeneratingFilter@179367ff, org.springframework.security.web.authentication.ui.DefaultLogoutPageGeneratingFilter@73790bb5, org.springframework.security.web.authentication.www.BasicAuthenticationFilter@2b097d19, org.springframework.security.web.savedrequest.RequestCacheAwareFilter@444958a4, org.springframework.security.web.servletapi.SecurityContextHolderAwareRequestFilter@4cb084b, org.springframework.security.web.authentication.AnonymousAuthenticationFilter@3d3709d0, org.springframework.security.web.access.ExceptionTranslationFilter@10c9bd51, org.springframework.security.web.access.intercept.AuthorizationFilter@1940bacd] 
2024-11-04 08:41:49,341 INFO [main] o.a.c.h.Http11NioProtocol [DirectJDKLog.java:173] Starting ProtocolHandler ["http-nio-8111"] 
2024-11-04 08:41:49,371 INFO [main] o.s.b.w.e.t.TomcatWebServer [TomcatWebServer.java:243] Tomcat started on port 8111 (http) with context path '/' 
2024-11-04 08:41:49,379 INFO [main] c.s.q.QuartzApplication [StartupInfoLogger.java:56] Started QuartzApplication in 3.128 seconds (process running for 6.129) 
2024-11-04 08:41:53,280 INFO [http-nio-8111-exec-1] o.a.c.c.C.[.[.[/] [DirectJDKLog.java:173] Initializing Spring DispatcherServlet 'dispatcherServlet' 
2024-11-04 08:41:53,281 INFO [http-nio-8111-exec-1] o.s.w.s.DispatcherServlet [FrameworkServlet.java:532] Initializing Servlet 'dispatcherServlet' 
2024-11-04 08:41:53,285 INFO [http-nio-8111-exec-1] o.s.w.s.DispatcherServlet [FrameworkServlet.java:554] Completed initialization in 2 ms 
2024-11-04 08:42:25,188 INFO [main] c.s.q.QuartzApplication [StartupInfoLogger.java:50] Starting QuartzApplication using Java 17.0.11 with PID 47439 (/Users/sankore/IdeaProjects/quartz/target/classes started by sankore in /Users/sankore/IdeaProjects/quartz) 
2024-11-04 08:42:25,197 INFO [main] c.s.q.QuartzApplication [SpringApplication.java:654] No active profile set, falling back to 1 default profile: "default" 
2024-11-04 08:42:26,475 INFO [main] o.s.b.w.e.t.TomcatWebServer [TomcatWebServer.java:111] Tomcat initialized with port 8111 (http) 
2024-11-04 08:42:26,495 INFO [main] o.a.c.h.Http11NioProtocol [DirectJDKLog.java:173] Initializing ProtocolHandler ["http-nio-8111"] 
2024-11-04 08:42:26,500 INFO [main] o.a.c.c.StandardService [DirectJDKLog.java:173] Starting service [Tomcat] 
2024-11-04 08:42:26,501 INFO [main] o.a.c.c.StandardEngine [DirectJDKLog.java:173] Starting Servlet engine: [Apache Tomcat/10.1.24] 
2024-11-04 08:42:26,549 INFO [main] o.a.c.c.C.[.[.[/] [DirectJDKLog.java:173] Initializing Spring embedded WebApplicationContext 
2024-11-04 08:42:26,549 INFO [main] o.s.b.w.s.c.ServletWebServerApplicationContext [ServletWebServerApplicationContext.java:296] Root WebApplicationContext: initialization completed in 1308 ms 
2024-11-04 08:42:27,303 WARN [main] o.s.b.a.s.s.UserDetailsServiceAutoConfiguration [UserDetailsServiceAutoConfiguration.java:86] 

Using generated security password: 2aecff74-749e-4dd7-933a-7d07abda0f04

This generated password is for development use only. Your security configuration must be updated before running your application in production.
 
2024-11-04 08:42:27,310 INFO [main] o.s.s.c.a.a.c.InitializeUserDetailsBeanManagerConfigurer$InitializeUserDetailsManagerConfigurer [InitializeUserDetailsBeanManagerConfigurer.java:113] Global AuthenticationManager configured with UserDetailsService bean with name inMemoryUserDetailsManager 
2024-11-04 08:42:27,608 INFO [main] o.s.s.w.DefaultSecurityFilterChain [DefaultSecurityFilterChain.java:54] Will secure any request with [org.springframework.security.web.session.DisableEncodeUrlFilter@6baa673d, org.springframework.security.web.context.request.async.WebAsyncManagerIntegrationFilter@124b1369, org.springframework.security.web.context.SecurityContextHolderFilter@28dae87e, org.springframework.security.web.header.HeaderWriterFilter@5effc15d, org.springframework.web.filter.CorsFilter@22bd6b0a, org.springframework.security.web.csrf.CsrfFilter@bcde468, org.springframework.security.web.authentication.logout.LogoutFilter@444958a4, org.springframework.security.web.authentication.UsernamePasswordAuthenticationFilter@8cd00bc, org.springframework.security.web.authentication.ui.DefaultLoginPageGeneratingFilter@b94c22d, org.springframework.security.web.authentication.ui.DefaultLogoutPageGeneratingFilter@221383c9, org.springframework.security.web.authentication.www.BasicAuthenticationFilter@4268c16, org.springframework.security.web.savedrequest.RequestCacheAwareFilter@54e0b29c, org.springframework.security.web.servletapi.SecurityContextHolderAwareRequestFilter@4c24063c, org.springframework.security.web.authentication.AnonymousAuthenticationFilter@1a389b39, org.springframework.security.web.access.ExceptionTranslationFilter@6903bec9, org.springframework.security.web.access.intercept.AuthorizationFilter@58fa8762] 
2024-11-04 08:42:27,703 INFO [main] o.a.c.h.Http11NioProtocol [DirectJDKLog.java:173] Starting ProtocolHandler ["http-nio-8111"] 
2024-11-04 08:42:27,726 INFO [main] o.s.b.w.e.t.TomcatWebServer [TomcatWebServer.java:243] Tomcat started on port 8111 (http) with context path '/' 
2024-11-04 08:42:27,734 INFO [main] c.s.q.QuartzApplication [StartupInfoLogger.java:56] Started QuartzApplication in 2.973 seconds (process running for 5.357) 
2024-11-04 08:42:32,813 INFO [http-nio-8111-exec-1] o.a.c.c.C.[.[.[/] [DirectJDKLog.java:173] Initializing Spring DispatcherServlet 'dispatcherServlet' 
2024-11-04 08:42:32,813 INFO [http-nio-8111-exec-1] o.s.w.s.DispatcherServlet [FrameworkServlet.java:532] Initializing Servlet 'dispatcherServlet' 
2024-11-04 08:42:32,814 INFO [http-nio-8111-exec-1] o.s.w.s.DispatcherServlet [FrameworkServlet.java:554] Completed initialization in 1 ms 
2024-11-04 08:43:08,209 INFO [main] c.s.q.QuartzApplication [StartupInfoLogger.java:50] Starting QuartzApplication using Java 17.0.11 with PID 47513 (/Users/sankore/IdeaProjects/quartz/target/classes started by sankore in /Users/sankore/IdeaProjects/quartz) 
2024-11-04 08:43:08,218 INFO [main] c.s.q.QuartzApplication [SpringApplication.java:654] No active profile set, falling back to 1 default profile: "default" 
2024-11-04 08:43:09,636 INFO [main] o.s.b.w.e.t.TomcatWebServer [TomcatWebServer.java:111] Tomcat initialized with port 8111 (http) 
2024-11-04 08:43:09,658 INFO [main] o.a.c.h.Http11NioProtocol [DirectJDKLog.java:173] Initializing ProtocolHandler ["http-nio-8111"] 
2024-11-04 08:43:09,663 INFO [main] o.a.c.c.StandardService [DirectJDKLog.java:173] Starting service [Tomcat] 
2024-11-04 08:43:09,664 INFO [main] o.a.c.c.StandardEngine [DirectJDKLog.java:173] Starting Servlet engine: [Apache Tomcat/10.1.24] 
2024-11-04 08:43:09,729 INFO [main] o.a.c.c.C.[.[.[/] [DirectJDKLog.java:173] Initializing Spring embedded WebApplicationContext 
2024-11-04 08:43:09,730 INFO [main] o.s.b.w.s.c.ServletWebServerApplicationContext [ServletWebServerApplicationContext.java:296] Root WebApplicationContext: initialization completed in 1474 ms 
2024-11-04 08:43:10,517 WARN [main] o.s.b.a.s.s.UserDetailsServiceAutoConfiguration [UserDetailsServiceAutoConfiguration.java:86] 

Using generated security password: 85463a31-4a12-48fb-a41d-ab3483603719

This generated password is for development use only. Your security configuration must be updated before running your application in production.
 
2024-11-04 08:43:10,525 INFO [main] o.s.s.c.a.a.c.InitializeUserDetailsBeanManagerConfigurer$InitializeUserDetailsManagerConfigurer [InitializeUserDetailsBeanManagerConfigurer.java:113] Global AuthenticationManager configured with UserDetailsService bean with name inMemoryUserDetailsManager 
2024-11-04 08:43:10,854 INFO [main] o.s.s.w.DefaultSecurityFilterChain [DefaultSecurityFilterChain.java:54] Will secure any request with [org.springframework.security.web.session.DisableEncodeUrlFilter@56a0dd11, org.springframework.security.web.context.request.async.WebAsyncManagerIntegrationFilter@1940bacd, org.springframework.security.web.context.SecurityContextHolderFilter@5fb4870b, org.springframework.security.web.header.HeaderWriterFilter@4b9b57d9, org.springframework.web.filter.CorsFilter@7508912e, org.springframework.security.web.csrf.CsrfFilter@1fc5791c, org.springframework.security.web.authentication.logout.LogoutFilter@99a89e9, org.springframework.security.web.authentication.UsernamePasswordAuthenticationFilter@6e92f150, org.springframework.security.web.authentication.ui.DefaultLoginPageGeneratingFilter@10c9bd51, org.springframework.security.web.authentication.ui.DefaultLogoutPageGeneratingFilter@1f9ec3e7, org.springframework.security.web.authentication.www.BasicAuthenticationFilter@7902a4d7, org.springframework.security.web.savedrequest.RequestCacheAwareFilter@7c3b8b26, org.springframework.security.web.servletapi.SecurityContextHolderAwareRequestFilter@2a64e2d0, org.springframework.security.web.authentication.AnonymousAuthenticationFilter@4f86cd50, org.springframework.security.web.access.ExceptionTranslationFilter@4c24063c, org.springframework.security.web.access.intercept.AuthorizationFilter@1b42eb0f] 
2024-11-04 08:43:10,951 INFO [main] o.a.c.h.Http11NioProtocol [DirectJDKLog.java:173] Starting ProtocolHandler ["http-nio-8111"] 
2024-11-04 08:43:10,973 INFO [main] o.s.b.w.e.t.TomcatWebServer [TomcatWebServer.java:243] Tomcat started on port 8111 (http) with context path '/' 
2024-11-04 08:43:10,980 INFO [main] c.s.q.QuartzApplication [StartupInfoLogger.java:56] Started QuartzApplication in 3.134 seconds (process running for 5.438) 
2024-11-04 08:43:26,637 INFO [http-nio-8111-exec-1] o.a.c.c.C.[.[.[/] [DirectJDKLog.java:173] Initializing Spring DispatcherServlet 'dispatcherServlet' 
2024-11-04 08:43:26,638 INFO [http-nio-8111-exec-1] o.s.w.s.DispatcherServlet [FrameworkServlet.java:532] Initializing Servlet 'dispatcherServlet' 
2024-11-04 08:43:26,639 INFO [http-nio-8111-exec-1] o.s.w.s.DispatcherServlet [FrameworkServlet.java:554] Completed initialization in 1 ms 
2024-11-04 08:43:53,717 INFO [main] c.s.q.QuartzApplication [StartupInfoLogger.java:50] Starting QuartzApplication using Java 17.0.11 with PID 47590 (/Users/sankore/IdeaProjects/quartz/target/classes started by sankore in /Users/sankore/IdeaProjects/quartz) 
2024-11-04 08:43:53,726 INFO [main] c.s.q.QuartzApplication [SpringApplication.java:654] No active profile set, falling back to 1 default profile: "default" 
2024-11-04 08:43:54,956 INFO [main] o.s.b.w.e.t.TomcatWebServer [TomcatWebServer.java:111] Tomcat initialized with port 8111 (http) 
2024-11-04 08:43:54,981 INFO [main] o.a.c.h.Http11NioProtocol [DirectJDKLog.java:173] Initializing ProtocolHandler ["http-nio-8111"] 
2024-11-04 08:43:54,988 INFO [main] o.a.c.c.StandardService [DirectJDKLog.java:173] Starting service [Tomcat] 
2024-11-04 08:43:54,988 INFO [main] o.a.c.c.StandardEngine [DirectJDKLog.java:173] Starting Servlet engine: [Apache Tomcat/10.1.24] 
2024-11-04 08:43:55,047 INFO [main] o.a.c.c.C.[.[.[/] [DirectJDKLog.java:173] Initializing Spring embedded WebApplicationContext 
2024-11-04 08:43:55,048 INFO [main] o.s.b.w.s.c.ServletWebServerApplicationContext [ServletWebServerApplicationContext.java:296] Root WebApplicationContext: initialization completed in 1288 ms 
2024-11-04 08:43:55,760 WARN [main] o.s.b.a.s.s.UserDetailsServiceAutoConfiguration [UserDetailsServiceAutoConfiguration.java:86] 

Using generated security password: d5dac380-510a-4bba-bc38-06a453731f09

This generated password is for development use only. Your security configuration must be updated before running your application in production.
 
2024-11-04 08:43:55,767 INFO [main] o.s.s.c.a.a.c.InitializeUserDetailsBeanManagerConfigurer$InitializeUserDetailsManagerConfigurer [InitializeUserDetailsBeanManagerConfigurer.java:113] Global AuthenticationManager configured with UserDetailsService bean with name inMemoryUserDetailsManager 
2024-11-04 08:43:55,998 INFO [main] o.s.s.w.DefaultSecurityFilterChain [DefaultSecurityFilterChain.java:54] Will secure any request with [org.springframework.security.web.session.DisableEncodeUrlFilter@538c90bf, org.springframework.security.web.context.request.async.WebAsyncManagerIntegrationFilter@62bcfa01, org.springframework.security.web.context.SecurityContextHolderFilter@651e3cc9, org.springframework.security.web.header.HeaderWriterFilter@7c3b8b26, org.springframework.web.filter.CorsFilter@b549c4a, org.springframework.security.web.csrf.CsrfFilter@67f5066e, org.springframework.security.web.authentication.logout.LogoutFilter@8cd00bc, org.springframework.security.web.authentication.UsernamePasswordAuthenticationFilter@22bd6b0a, org.springframework.security.web.authentication.ui.DefaultLoginPageGeneratingFilter@6be6cb16, org.springframework.security.web.authentication.ui.DefaultLogoutPageGeneratingFilter@72412c3d, org.springframework.security.web.authentication.www.BasicAuthenticationFilter@1f9ec3e7, org.springframework.security.web.savedrequest.RequestCacheAwareFilter@9da20f1, org.springframework.security.web.servletapi.SecurityContextHolderAwareRequestFilter@10c9bd51, org.springframework.security.web.authentication.AnonymousAuthenticationFilter@457f43a2, org.springframework.security.web.access.ExceptionTranslationFilter@b94c22d, org.springframework.security.web.access.intercept.AuthorizationFilter@124b1369] 
2024-11-04 08:43:56,091 INFO [main] o.a.c.h.Http11NioProtocol [DirectJDKLog.java:173] Starting ProtocolHandler ["http-nio-8111"] 
2024-11-04 08:43:56,126 INFO [main] o.s.b.w.e.t.TomcatWebServer [TomcatWebServer.java:243] Tomcat started on port 8111 (http) with context path '/' 
2024-11-04 08:43:56,136 INFO [main] c.s.q.QuartzApplication [StartupInfoLogger.java:56] Started QuartzApplication in 2.784 seconds (process running for 4.962) 
2024-11-04 08:43:59,788 INFO [http-nio-8111-exec-1] o.a.c.c.C.[.[.[/] [DirectJDKLog.java:173] Initializing Spring DispatcherServlet 'dispatcherServlet' 
2024-11-04 08:43:59,789 INFO [http-nio-8111-exec-1] o.s.w.s.DispatcherServlet [FrameworkServlet.java:532] Initializing Servlet 'dispatcherServlet' 
2024-11-04 08:43:59,790 INFO [http-nio-8111-exec-1] o.s.w.s.DispatcherServlet [FrameworkServlet.java:554] Completed initialization in 1 ms 
2024-11-04 08:45:31,978 INFO [main] c.s.q.QuartzApplication [StartupInfoLogger.java:50] Starting QuartzApplication using Java 17.0.11 with PID 47775 (/Users/sankore/IdeaProjects/quartz/target/classes started by sankore in /Users/sankore/IdeaProjects/quartz) 
2024-11-04 08:45:31,988 INFO [main] c.s.q.QuartzApplication [SpringApplication.java:654] No active profile set, falling back to 1 default profile: "default" 
2024-11-04 08:45:33,560 INFO [main] o.s.b.w.e.t.TomcatWebServer [TomcatWebServer.java:111] Tomcat initialized with port 8111 (http) 
2024-11-04 08:45:33,577 INFO [main] o.a.c.h.Http11NioProtocol [DirectJDKLog.java:173] Initializing ProtocolHandler ["http-nio-8111"] 
2024-11-04 08:45:33,581 INFO [main] o.a.c.c.StandardService [DirectJDKLog.java:173] Starting service [Tomcat] 
2024-11-04 08:45:33,581 INFO [main] o.a.c.c.StandardEngine [DirectJDKLog.java:173] Starting Servlet engine: [Apache Tomcat/10.1.24] 
2024-11-04 08:45:33,624 INFO [main] o.a.c.c.C.[.[.[/] [DirectJDKLog.java:173] Initializing Spring embedded WebApplicationContext 
2024-11-04 08:45:33,624 INFO [main] o.s.b.w.s.c.ServletWebServerApplicationContext [ServletWebServerApplicationContext.java:296] Root WebApplicationContext: initialization completed in 1597 ms 
2024-11-04 08:45:34,341 WARN [main] o.s.b.a.s.s.UserDetailsServiceAutoConfiguration [UserDetailsServiceAutoConfiguration.java:86] 

Using generated security password: 7ef5282e-c63a-40a9-b087-00af929513c6

This generated password is for development use only. Your security configuration must be updated before running your application in production.
 
2024-11-04 08:45:34,349 INFO [main] o.s.s.c.a.a.c.InitializeUserDetailsBeanManagerConfigurer$InitializeUserDetailsManagerConfigurer [InitializeUserDetailsBeanManagerConfigurer.java:113] Global AuthenticationManager configured with UserDetailsService bean with name inMemoryUserDetailsManager 
2024-11-04 08:45:34,580 INFO [main] o.s.s.w.DefaultSecurityFilterChain [DefaultSecurityFilterChain.java:54] Will secure any request with [org.springframework.security.web.session.DisableEncodeUrlFilter@56a0dd11, org.springframework.security.web.context.request.async.WebAsyncManagerIntegrationFilter@1940bacd, org.springframework.security.web.context.SecurityContextHolderFilter@5fb4870b, org.springframework.security.web.header.HeaderWriterFilter@4b9b57d9, org.springframework.web.filter.CorsFilter@7508912e, org.springframework.security.web.csrf.CsrfFilter@1fc5791c, org.springframework.security.web.authentication.logout.LogoutFilter@99a89e9, org.springframework.security.web.authentication.UsernamePasswordAuthenticationFilter@6e92f150, org.springframework.security.web.authentication.ui.DefaultLoginPageGeneratingFilter@10c9bd51, org.springframework.security.web.authentication.ui.DefaultLogoutPageGeneratingFilter@1f9ec3e7, org.springframework.security.web.authentication.www.BasicAuthenticationFilter@7902a4d7, org.springframework.security.web.savedrequest.RequestCacheAwareFilter@7c3b8b26, org.springframework.security.web.servletapi.SecurityContextHolderAwareRequestFilter@2a64e2d0, org.springframework.security.web.authentication.AnonymousAuthenticationFilter@4f86cd50, org.springframework.security.web.access.ExceptionTranslationFilter@4c24063c, org.springframework.security.web.access.intercept.AuthorizationFilter@1b42eb0f] 
2024-11-04 08:45:34,666 INFO [main] o.a.c.h.Http11NioProtocol [DirectJDKLog.java:173] Starting ProtocolHandler ["http-nio-8111"] 
2024-11-04 08:45:34,699 INFO [main] o.s.b.w.e.t.TomcatWebServer [TomcatWebServer.java:243] Tomcat started on port 8111 (http) with context path '/' 
2024-11-04 08:45:34,711 INFO [main] c.s.q.QuartzApplication [StartupInfoLogger.java:56] Started QuartzApplication in 3.22 seconds (process running for 5.66) 
2024-11-04 08:45:40,216 INFO [http-nio-8111-exec-1] o.a.c.c.C.[.[.[/] [DirectJDKLog.java:173] Initializing Spring DispatcherServlet 'dispatcherServlet' 
2024-11-04 08:45:40,216 INFO [http-nio-8111-exec-1] o.s.w.s.DispatcherServlet [FrameworkServlet.java:532] Initializing Servlet 'dispatcherServlet' 
2024-11-04 08:45:40,218 INFO [http-nio-8111-exec-1] o.s.w.s.DispatcherServlet [FrameworkServlet.java:554] Completed initialization in 1 ms 
2024-11-04 08:47:48,568 INFO [main] c.s.q.QuartzApplication [StartupInfoLogger.java:50] Starting QuartzApplication using Java 17.0.11 with PID 48009 (/Users/sankore/IdeaProjects/quartz/target/classes started by sankore in /Users/sankore/IdeaProjects/quartz) 
2024-11-04 08:47:48,577 INFO [main] c.s.q.QuartzApplication [SpringApplication.java:654] No active profile set, falling back to 1 default profile: "default" 
2024-11-04 08:47:49,904 INFO [main] o.s.b.w.e.t.TomcatWebServer [TomcatWebServer.java:111] Tomcat initialized with port 8111 (http) 
2024-11-04 08:47:49,923 INFO [main] o.a.c.h.Http11NioProtocol [DirectJDKLog.java:173] Initializing ProtocolHandler ["http-nio-8111"] 
2024-11-04 08:47:49,927 INFO [main] o.a.c.c.StandardService [DirectJDKLog.java:173] Starting service [Tomcat] 
2024-11-04 08:47:49,927 INFO [main] o.a.c.c.StandardEngine [DirectJDKLog.java:173] Starting Servlet engine: [Apache Tomcat/10.1.24] 
2024-11-04 08:47:49,972 INFO [main] o.a.c.c.C.[.[.[/] [DirectJDKLog.java:173] Initializing Spring embedded WebApplicationContext 
2024-11-04 08:47:49,972 INFO [main] o.s.b.w.s.c.ServletWebServerApplicationContext [ServletWebServerApplicationContext.java:296] Root WebApplicationContext: initialization completed in 1360 ms 
2024-11-04 08:47:50,296 WARN [main] o.s.b.a.s.s.UserDetailsServiceAutoConfiguration [UserDetailsServiceAutoConfiguration.java:86] 

Using generated security password: 954792aa-66ec-43d5-b91b-565c15c30fca

This generated password is for development use only. Your security configuration must be updated before running your application in production.
 
2024-11-04 08:47:50,304 INFO [main] o.s.s.c.a.a.c.InitializeUserDetailsBeanManagerConfigurer$InitializeUserDetailsManagerConfigurer [InitializeUserDetailsBeanManagerConfigurer.java:113] Global AuthenticationManager configured with UserDetailsService bean with name inMemoryUserDetailsManager 
2024-11-04 08:47:50,790 INFO [main] o.s.s.w.DefaultSecurityFilterChain [DefaultSecurityFilterChain.java:54] Will secure any request with [org.springframework.security.web.session.DisableEncodeUrlFilter@2dac4d04, org.springframework.security.web.context.request.async.WebAsyncManagerIntegrationFilter@367a245e, org.springframework.security.web.context.SecurityContextHolderFilter@6019ce4b, org.springframework.security.web.header.HeaderWriterFilter@72259917, org.springframework.web.filter.CorsFilter@65b17373, org.springframework.security.web.authentication.logout.LogoutFilter@3d287f7c, org.springframework.security.web.authentication.UsernamePasswordAuthenticationFilter@563bf9d2, org.springframework.security.web.savedrequest.RequestCacheAwareFilter@36e8fefe, org.springframework.security.web.servletapi.SecurityContextHolderAwareRequestFilter@70c3c5d7, org.springframework.security.web.authentication.AnonymousAuthenticationFilter@19305a7c, org.springframework.security.web.session.SessionManagementFilter@3ff83cc8, org.springframework.security.web.access.ExceptionTranslationFilter@16575bfe, org.springframework.security.web.access.intercept.AuthorizationFilter@7f1581bb] 
2024-11-04 08:47:51,054 INFO [main] o.a.c.h.Http11NioProtocol [DirectJDKLog.java:173] Starting ProtocolHandler ["http-nio-8111"] 
2024-11-04 08:47:51,076 INFO [main] o.s.b.w.e.t.TomcatWebServer [TomcatWebServer.java:243] Tomcat started on port 8111 (http) with context path '/' 
2024-11-04 08:47:51,084 INFO [main] c.s.q.QuartzApplication [StartupInfoLogger.java:56] Started QuartzApplication in 2.858 seconds (process running for 5.187) 
2024-11-04 08:47:55,749 INFO [http-nio-8111-exec-1] o.a.c.c.C.[.[.[/] [DirectJDKLog.java:173] Initializing Spring DispatcherServlet 'dispatcherServlet' 
2024-11-04 08:47:55,749 INFO [http-nio-8111-exec-1] o.s.w.s.DispatcherServlet [FrameworkServlet.java:532] Initializing Servlet 'dispatcherServlet' 
2024-11-04 08:47:55,750 INFO [http-nio-8111-exec-1] o.s.w.s.DispatcherServlet [FrameworkServlet.java:554] Completed initialization in 0 ms 
2024-11-04 08:47:55,976 INFO [http-nio-8111-exec-1] c.s.q.w.DemoController [DemoController.java:26] Encrypting payload: $2a$10$cUwk39Hc626wv7y75ZGZY.mdFsBVJenRCsQDzI3W3sKRaVBF3hAAG 
2024-11-04 08:47:56,096 INFO [http-nio-8111-exec-1] c.s.q.s.LoggingInterceptor [LoggingInterceptor.java:59] Request: GET /api/encrypt/1234 Body:  
2024-11-04 08:47:56,096 INFO [http-nio-8111-exec-1] c.s.q.s.LoggingInterceptor [LoggingInterceptor.java:60] IP Address: 127.0.0.1 
2024-11-04 08:47:56,097 INFO [http-nio-8111-exec-1] c.s.q.s.LoggingInterceptor [LoggingInterceptor.java:61] User-Agent: IntelliJ HTTP Client/IntelliJ IDEA 2024.1 
2024-11-04 08:47:56,109 INFO [http-nio-8111-exec-1] c.s.q.s.LoggingInterceptor [LoggingInterceptor.java:62] Headers: {
  "content-length" : "0",
  "cookie" : "JSESSIONID=A232C7E4CD22D0AB66A681E47E3A03D4",
  "host" : "localhost:8111",
  "accept-encoding" : "br, deflate, gzip, x-gzip",
  "user-agent" : "IntelliJ HTTP Client/IntelliJ IDEA 2024.1",
  "accept" : "*/*"
} 
2024-11-04 08:47:56,110 INFO [http-nio-8111-exec-1] c.s.q.s.LoggingInterceptor [LoggingInterceptor.java:68] Response: 200 Body: $2a$10$hqn.I.fhNHehIbKw/PhNgONq0lzCaJdXizXlkOgfjtu/AZLUa9tlC 
